Determining if the pthread_create exist failed with the following output:
Change Dir: /home/hyb/Documents/projectGit/web_data_center/backend/datalist/clibs/build/CMakeFiles/CMakeTmp

Run Build Command:"/usr/bin/make" "cmTC_21d2b/fast"
/usr/bin/make -f CMakeFiles/cmTC_21d2b.dir/build.make CMakeFiles/cmTC_21d2b.dir/build
make[1]: Entering directory '/home/hyb/Documents/projectGit/web_data_center/backend/datalist/clibs/build/CMakeFiles/CMakeTmp'
Building C object CMakeFiles/cmTC_21d2b.dir/CheckSymbolExists.c.o
/usr/bin/cc    -o CMakeFiles/cmTC_21d2b.dir/CheckSymbolExists.c.o   -c /home/hyb/Documents/projectGit/web_data_center/backend/datalist/clibs/build/CMakeFiles/CMakeTmp/CheckSymbolExists.c
Linking C executable cmTC_21d2b
/usr/local/lib/python3.5/dist-packages/cmake/data/bin/cmake -E cmake_link_script CMakeFiles/cmTC_21d2b.dir/link.txt --verbose=1
/usr/bin/cc      -rdynamic CMakeFiles/cmTC_21d2b.dir/CheckSymbolExists.c.o  -o cmTC_21d2b 
CMakeFiles/cmTC_21d2b.dir/CheckSymbolExists.c.o：在函数‘main’中：
CheckSymbolExists.c:(.text+0x16)：对‘pthread_create’未定义的引用
collect2: error: ld returned 1 exit status
CMakeFiles/cmTC_21d2b.dir/build.make:86: recipe for target 'cmTC_21d2b' failed
make[1]: *** [cmTC_21d2b] Error 1
make[1]: Leaving directory '/home/hyb/Documents/projectGit/web_data_center/backend/datalist/clibs/build/CMakeFiles/CMakeTmp'
Makefile:121: recipe for target 'cmTC_21d2b/fast' failed
make: *** [cmTC_21d2b/fast] Error 2

File /home/hyb/Documents/projectGit/web_data_center/backend/datalist/clibs/build/CMakeFiles/CMakeTmp/CheckSymbolExists.c:
/* */
#include <pthread.h>

int main(int argc, char** argv)
{
  (void)argv;
#ifndef pthread_create
  return ((int*)(&pthread_create))[argc];
#else
  (void)argc;
  return 0;
#endif
}

Determining if the function pthread_create exists in the pthreads failed with the following output:
Change Dir: /home/hyb/Documents/projectGit/web_data_center/backend/datalist/clibs/build/CMakeFiles/CMakeTmp

Run Build Command:"/usr/bin/make" "cmTC_45710/fast"
/usr/bin/make -f CMakeFiles/cmTC_45710.dir/build.make CMakeFiles/cmTC_45710.dir/build
make[1]: Entering directory '/home/hyb/Documents/projectGit/web_data_center/backend/datalist/clibs/build/CMakeFiles/CMakeTmp'
Building C object CMakeFiles/cmTC_45710.dir/CheckFunctionExists.c.o
/usr/bin/cc   -DCHECK_FUNCTION_EXISTS=pthread_create   -o CMakeFiles/cmTC_45710.dir/CheckFunctionExists.c.o   -c /usr/local/lib/python3.5/dist-packages/cmake/data/share/cmake-3.13/Modules/CheckFunctionExists.c
Linking C executable cmTC_45710
/usr/local/lib/python3.5/dist-packages/cmake/data/bin/cmake -E cmake_link_script CMakeFiles/cmTC_45710.dir/link.txt --verbose=1
/usr/bin/cc  -DCHECK_FUNCTION_EXISTS=pthread_create    -rdynamic CMakeFiles/cmTC_45710.dir/CheckFunctionExists.c.o  -o cmTC_45710 -lpthreads 
/usr/bin/ld: 找不到 -lpthreads
collect2: error: ld returned 1 exit status
CMakeFiles/cmTC_45710.dir/build.make:86: recipe for target 'cmTC_45710' failed
make[1]: *** [cmTC_45710] Error 1
make[1]: Leaving directory '/home/hyb/Documents/projectGit/web_data_center/backend/datalist/clibs/build/CMakeFiles/CMakeTmp'
Makefile:121: recipe for target 'cmTC_45710/fast' failed
make: *** [cmTC_45710/fast] Error 2


